# JRE version: Java(TM) SE Runtime Environment (16.0.2+7) (build 16.0.2+7-67)
# Java VM: Java HotSpot(TM) 64-Bit Server VM (16.0.2+7-67, mixed mode, sharing, tiered, compressed oops, compressed class ptrs, g1 gc, windows-amd64)
GC Precious Log:
 CPUs: 8 total, 8 available
 Memory: 7886M
 Large Page Support: Disabled
 NUMA Support: Disabled
 Compressed Oops: Enabled (32-bit)
 Heap Region Size: 1M
 Heap Min Capacity: 8M
 Heap Initial Capacity: 124M
 Heap Max Capacity: 1536M
 Pre-touch: Disabled
 Parallel Workers: 8
 Concurrent Workers: 2
 Concurrent Refinement Workers: 8
 Periodic GC: Disabled
Heap:
 garbage-first heap   total 250880K, used 131390K [0x00000000a0000000, 0x0000000100000000)
  region size 1024K, 2 young (2048K), 2 survivors (2048K)
 Metaspace       used 94124K, committed 95232K, reserved 1138688K
  class space    used 12057K, committed 12608K, reserved 1048576K
GC Heap History (20 events):
Event: 53.079 GC heap after
{Heap after GC invocations=61 (full 0):
 garbage-first heap   total 242688K, used 147292K [0x00000000a0000000, 0x0000000100000000)
  region size 1024K, 6 young (6144K), 6 survivors (6144K)
 Metaspace       used 92547K, committed 93504K, reserved 1130496K
  class space    used 11951K, committed 12416K, reserved 1048576K
}
Event: 53.367 GC heap before
{Heap before GC invocations=61 (full 0):
 garbage-first heap   total 242688K, used 152412K [0x00000000a0000000, 0x0000000100000000)
  region size 1024K, 11 young (11264K), 6 survivors (6144K)
 Metaspace       used 92582K, committed 93504K, reserved 1130496K
  class space    used 11953K, committed 12416K, reserved 1048576K
}
Event: 53.423 GC heap after
{Heap after GC invocations=62 (full 0):
 garbage-first heap   total 242688K, used 129043K [0x00000000a0000000, 0x0000000100000000)
  region size 1024K, 2 young (2048K), 2 survivors (2048K)
 Metaspace       used 92582K, committed 93504K, reserved 1130496K
  class space    used 11953K, committed 12416K, reserved 1048576K
}
Event: 57.488 GC heap before
{Heap before GC invocations=62 (full 0):
 garbage-first heap   total 242688K, used 138259K [0x00000000a0000000, 0x0000000100000000)
  region size 1024K, 11 young (11264K), 2 survivors (2048K)
 Metaspace       used 92640K, committed 93696K, reserved 1130496K
  class space    used 11956K, committed 12480K, reserved 1048576K
}
Event: 57.504 GC heap after
{Heap after GC invocations=63 (full 0):
 garbage-first heap   total 242688K, used 120224K [0x00000000a0000000, 0x0000000100000000)
  region size 1024K, 2 young (2048K), 2 survivors (2048K)
 Metaspace       used 92640K, committed 93696K, reserved 1130496K
  class space    used 11956K, committed 12480K, reserved 1048576K
}
Event: 58.384 GC heap before
{Heap before GC invocations=63 (full 0):
 garbage-first heap   total 242688K, used 182688K [0x00000000a0000000, 0x0000000100000000)
  region size 1024K, 64 young (65536K), 2 survivors (2048K)
 Metaspace       used 92972K, committed 94016K, reserved 1138688K
  class space    used 11988K, committed 12480K, reserved 1048576K
}
Event: 58.404 GC heap after
{Heap after GC invocations=64 (full 0):
 garbage-first heap   total 242688K, used 129301K [0x00000000a0000000, 0x0000000100000000)
  region size 1024K, 8 young (8192K), 8 survivors (8192K)
 Metaspace       used 92972K, committed 94016K, reserved 1138688K
  class space    used 11988K, committed 12480K, reserved 1048576K
}
Event: 60.398 GC heap before
{Heap before GC invocations=65 (full 0):
 garbage-first heap   total 242688K, used 186645K [0x00000000a0000000, 0x0000000100000000)
  region size 1024K, 65 young (66560K), 8 survivors (8192K)
 Metaspace       used 93263K, committed 94336K, reserved 1138688K
  class space    used 11995K, committed 12544K, reserved 1048576K
}
Event: 60.420 GC heap after
{Heap after GC invocations=66 (full 0):
 garbage-first heap   total 242688K, used 139102K [0x00000000a0000000, 0x0000000100000000)
  region size 1024K, 9 young (9216K), 9 survivors (9216K)
 Metaspace       used 93263K, committed 94336K, reserved 1138688K
  class space    used 11995K, committed 12544K, reserved 1048576K
}
Event: 64.346 GC heap before
{Heap before GC invocations=66 (full 0):
 garbage-first heap   total 242688K, used 191326K [0x00000000a0000000, 0x0000000100000000)
  region size 1024K, 61 young (62464K), 9 survivors (9216K)
 Metaspace       used 93689K, committed 94848K, reserved 1138688K
  class space    used 12042K, committed 12608K, reserved 1048576K
}
Event: 64.367 GC heap after
{Heap after GC invocations=67 (full 0):
 garbage-first heap   total 242688K, used 146521K [0x00000000a0000000, 0x0000000100000000)
  region size 1024K, 8 young (8192K), 8 survivors (8192K)
 Metaspace       used 93689K, committed 94848K, reserved 1138688K
  class space    used 12042K, committed 12608K, reserved 1048576K
}
Event: 65.282 GC heap before
{Heap before GC invocations=68 (full 0):
 garbage-first heap   total 249856K, used 189529K [0x00000000a0000000, 0x0000000100000000)
  region size 1024K, 55 young (56320K), 8 survivors (8192K)
 Metaspace       used 93878K, committed 94976K, reserved 1138688K
  class space    used 12052K, committed 12608K, reserved 1048576K
}
Event: 65.355 GC heap after
{Heap after GC invocations=69 (full 0):
 garbage-first heap   total 249856K, used 150339K [0x00000000a0000000, 0x0000000100000000)
  region size 1024K, 7 young (7168K), 7 survivors (7168K)
 Metaspace       used 93878K, committed 94976K, reserved 1138688K
  class space    used 12052K, committed 12608K, reserved 1048576K
}
Event: 66.998 GC heap before
{Heap before GC invocations=69 (full 0):
 garbage-first heap   total 249856K, used 155459K [0x00000000a0000000, 0x0000000100000000)
  region size 1024K, 12 young (12288K), 7 survivors (7168K)
 Metaspace       used 93893K, committed 94976K, reserved 1138688K
  class space    used 12053K, committed 12608K, reserved 1048576K
}
Event: 67.264 GC heap after
{Heap after GC invocations=70 (full 0):
 garbage-first heap   total 249856K, used 135020K [0x00000000a0000000, 0x0000000100000000)
  region size 1024K, 2 young (2048K), 2 survivors (2048K)
 Metaspace       used 93893K, committed 94976K, reserved 1138688K
  class space    used 12053K, committed 12608K, reserved 1048576K
}
Event: 71.114 GC heap before
{Heap before GC invocations=70 (full 0):
 garbage-first heap   total 249856K, used 192364K [0x00000000a0000000, 0x0000000100000000)
  region size 1024K, 59 young (60416K), 2 survivors (2048K)
 Metaspace       used 93998K, committed 95040K, reserved 1138688K
  class space    used 12057K, committed 12608K, reserved 1048576K
}
Event: 71.125 GC heap after
{Heap after GC invocations=71 (full 0):
 garbage-first heap   total 249856K, used 140692K [0x00000000a0000000, 0x0000000100000000)
  region size 1024K, 8 young (8192K), 8 survivors (8192K)
 Metaspace       used 93998K, committed 95040K, reserved 1138688K
  class space    used 12057K, committed 12608K, reserved 1048576K
}
Event: 72.394 GC heap before
{Heap before GC invocations=72 (full 0):
 garbage-first heap   total 250880K, used 194964K [0x00000000a0000000, 0x0000000100000000)
  region size 1024K, 63 young (64512K), 8 survivors (8192K)
 Metaspace       used 94115K, committed 95232K, reserved 1138688K
  class space    used 12057K, committed 12608K, reserved 1048576K
}
Event: 72.422 GC heap after
{Heap after GC invocations=73 (full 0):
 garbage-first heap   total 250880K, used 147005K [0x00000000a0000000, 0x0000000100000000)
  region size 1024K, 8 young (8192K), 8 survivors (8192K)
 Metaspace       used 94115K, committed 95232K, reserved 1138688K
  class space    used 12057K, committed 12608K, reserved 1048576K
}
Event: 72.458 GC heap before
{Heap before GC invocations=73 (full 0):
 garbage-first heap   total 250880K, used 151101K [0x00000000a0000000, 0x0000000100000000)
  region size 1024K, 12 young (12288K), 8 survivors (8192K)
 Metaspace       used 94124K, committed 95232K, reserved 1138688K
  class space    used 12057K, committed 12608K, reserved 1048576K
}

